<?xml version="1.0" encoding="UTF-8"?>
<!-- Generated by org.testng.reporters.JUnitReportReporter -->
<testsuite hostname="DESKTOP-5Q6M2D1" failures="0" tests="1" name="runner_script.Runner" time="28.168" errors="0" timestamp="2023-08-04T18:15:24 IST" skipped="0">
  <testcase classname="runner_script.Runner" name="diatoz" time="28.168"/>
</testsuite> <!-- runner_script.Runner -->
